<?xml version="1.0" encoding="UTF-8"?>
<!-- Generated by org.testng.reporters.JUnitReportReporter -->
<testsuite hostname="Aamirs-MacBook-Pro.local" failures="0" tests="1" name="STOREDPROCEDURETESTING.SPTESTING1" time="0.052" errors="0" timestamp="2022-11-13T01:56:10 CET" skipped="0">
  <testcase classname="STOREDPROCEDURETESTING.SPTESTING1" name="StoredPT2" time="0.052"/>
  <system-out/>
</testsuite> <!-- STOREDPROCEDURETESTING.SPTESTING1 -->
