<?xml version="1.0" encoding="UTF-8"?>
<!-- Generated by org.testng.reporters.JUnitReportReporter -->
<testsuite hostname="Aamirs-MacBook-Pro.local" failures="0" tests="3" name="STOREDFUNCTIONTEST.SFTESTING" time="0.062" errors="0" timestamp="2022-11-13T16:50:03 CET" skipped="0">
  <testcase classname="STOREDFUNCTIONTEST.SFTESTING" name="Test_ifSFEXIST" time="0.028"/>
  <system-out/>
  <testcase classname="STOREDFUNCTIONTEST.SFTESTING" name="Test_customerlvl" time="0.013"/>
  <system-out/>
  <testcase classname="STOREDFUNCTIONTEST.SFTESTING" name="test_cuslevel" time="0.021"/>
  <system-out/>
</testsuite> <!-- STOREDFUNCTIONTEST.SFTESTING -->
