<?xml version="1.0" encoding="UTF-8"?>
<!-- Generated by org.testng.reporters.JUnitReportReporter -->
<testsuite hostname="Aamirs-MacBook-Pro.local" failures="0" tests="1" name="STOREDPROCEDURETESTING.SPTesting" time="0.066" errors="0" timestamp="2022-11-13T13:46:06 CET" skipped="0">
  <testcase classname="STOREDPROCEDURETESTING.SPTesting" name="shippingtime10101" time="0.066"/>
  <system-out/>
</testsuite> <!-- STOREDPROCEDURETESTING.SPTesting -->
